<?xml version="1.0" encoding="UTF-8"?>
<!-- Generated by org.testng.reporters.JUnitXMLReporter -->
<testsuite ignored="4" hostname="DESKTOP-PH4015D" failures="0" tests="2" name="Test" time="194.989" errors="0" timestamp="2025-04-04T21:04:32 IST">
  <testcase classname="Test_NG.CreateContactTest" name="CreatContactTest" time="58.549"/>
  <testcase classname="Test_NG.CreateCampaignTest" name="creatCampaignTest" time="81.014"/>
  <testcase classname="com.vtiger.generic.Base_Class" name="@AfterSuite AfterSuite" time="0.0">
    <ignored/>
  </testcase> <!-- @AfterSuite AfterSuite -->
  <testcase classname="com.vtiger.generic.Base_Class" name="@BeforeTest BeforeTest" time="0.0">
    <ignored/>
  </testcase> <!-- @BeforeTest BeforeTest -->
  <testcase classname="com.vtiger.generic.Base_Class" name="@BeforeSuite BeforeSuite" time="0.0">
    <ignored/>
  </testcase> <!-- @BeforeSuite BeforeSuite -->
  <testcase classname="com.vtiger.generic.Base_Class" name="@AfterTest AfterTest" time="0.0">
    <ignored/>
  </testcase> <!-- @AfterTest AfterTest -->
</testsuite> <!-- Test -->
